2016-05-14 22:42:45 INFO  DefaultPluginManager:749 - PF4J version 0.13.1 in 'deployment' mode
2016-05-14 22:42:45 INFO  DefaultPluginStatusProvider:50 - Enabled plugins: []
2016-05-14 22:42:45 INFO  DefaultPluginStatusProvider:54 - Disabled plugins: []
2016-05-14 22:42:45 ERROR DefaultPluginManager:402 - Cannot find '/home/dieter/git/PluginAppFx/plugins/DemoPlugin1/classes/META-INF/MANIFEST.MF' file
ro.fortsoft.pf4j.PluginException: Cannot find '/home/dieter/git/PluginAppFx/plugins/DemoPlugin1/classes/META-INF/MANIFEST.MF' file
	at ro.fortsoft.pf4j.ManifestPluginDescriptorFinder.readManifest(ManifestPluginDescriptorFinder.java:61)
	at ro.fortsoft.pf4j.ManifestPluginDescriptorFinder.find(ManifestPluginDescriptorFinder.java:47)
	at ro.fortsoft.pf4j.DefaultPluginManager.loadPluginDirectory(DefaultPluginManager.java:779)
	at ro.fortsoft.pf4j.DefaultPluginManager.loadPlugins(DefaultPluginManager.java:400)
	at de.engelhardt.pluginappfx.Launcer.start(Launcer.java:25)
	at com.sun.javafx.application.LauncherImpl.lambda$launchApplication1$162(LauncherImpl.java:863)
	at com.sun.javafx.application.PlatformImpl.lambda$runAndWait$175(PlatformImpl.java:326)
	at com.sun.javafx.application.PlatformImpl.lambda$null$173(PlatformImpl.java:295)
	at java.security.AccessController.doPrivileged(Native Method)
	at com.sun.javafx.application.PlatformImpl.lambda$runLater$174(PlatformImpl.java:294)
	at com.sun.glass.ui.InvokeLaterDispatcher$Future.run(InvokeLaterDispatcher.java:95)
	at com.sun.glass.ui.gtk.GtkApplication._runLoop(Native Method)
	at com.sun.glass.ui.gtk.GtkApplication.lambda$null$49(GtkApplication.java:139)
	at java.lang.Thread.run(Thread.java:745)
2016-05-14 22:49:21 INFO  DefaultPluginManager:749 - PF4J version 0.13.1 in 'deployment' mode
2016-05-14 22:49:21 INFO  DefaultPluginStatusProvider:50 - Enabled plugins: []
2016-05-14 22:49:21 INFO  DefaultPluginStatusProvider:54 - Disabled plugins: []
2016-05-14 22:49:21 ERROR DefaultPluginManager:402 - Cannot find '/home/dieter/git/PluginAppFx/plugins/DemoPlugin1/classes/META-INF/MANIFEST.MF' file
ro.fortsoft.pf4j.PluginException: Cannot find '/home/dieter/git/PluginAppFx/plugins/DemoPlugin1/classes/META-INF/MANIFEST.MF' file
	at ro.fortsoft.pf4j.ManifestPluginDescriptorFinder.readManifest(ManifestPluginDescriptorFinder.java:61)
	at ro.fortsoft.pf4j.ManifestPluginDescriptorFinder.find(ManifestPluginDescriptorFinder.java:47)
	at ro.fortsoft.pf4j.DefaultPluginManager.loadPluginDirectory(DefaultPluginManager.java:779)
	at ro.fortsoft.pf4j.DefaultPluginManager.loadPlugins(DefaultPluginManager.java:400)
	at de.engelhardt.pluginappfx.Launcer.start(Launcer.java:25)
	at com.sun.javafx.application.LauncherImpl.lambda$launchApplication1$162(LauncherImpl.java:863)
	at com.sun.javafx.application.PlatformImpl.lambda$runAndWait$175(PlatformImpl.java:326)
	at com.sun.javafx.application.PlatformImpl.lambda$null$173(PlatformImpl.java:295)
	at java.security.AccessController.doPrivileged(Native Method)
	at com.sun.javafx.application.PlatformImpl.lambda$runLater$174(PlatformImpl.java:294)
	at com.sun.glass.ui.InvokeLaterDispatcher$Future.run(InvokeLaterDispatcher.java:95)
	at com.sun.glass.ui.gtk.GtkApplication._runLoop(Native Method)
	at com.sun.glass.ui.gtk.GtkApplication.lambda$null$49(GtkApplication.java:139)
	at java.lang.Thread.run(Thread.java:745)
2016-05-14 23:51:33 INFO  DefaultPluginManager:749 - PF4J version 0.13.1 in 'deployment' mode
2016-05-14 23:51:33 INFO  DefaultPluginStatusProvider:50 - Enabled plugins: []
2016-05-14 23:51:33 INFO  DefaultPluginStatusProvider:54 - Disabled plugins: []
2016-05-14 23:51:33 ERROR DefaultPluginManager:402 - Cannot find '/home/dieter/git/PluginAppFx/plugins/DemoPlugin1/classes/META-INF/MANIFEST.MF' file
ro.fortsoft.pf4j.PluginException: Cannot find '/home/dieter/git/PluginAppFx/plugins/DemoPlugin1/classes/META-INF/MANIFEST.MF' file
	at ro.fortsoft.pf4j.ManifestPluginDescriptorFinder.readManifest(ManifestPluginDescriptorFinder.java:61)
	at ro.fortsoft.pf4j.ManifestPluginDescriptorFinder.find(ManifestPluginDescriptorFinder.java:47)
	at ro.fortsoft.pf4j.DefaultPluginManager.loadPluginDirectory(DefaultPluginManager.java:779)
	at ro.fortsoft.pf4j.DefaultPluginManager.loadPlugins(DefaultPluginManager.java:400)
	at de.engelhardt.pluginappfx.Launcer.start(Launcer.java:25)
	at com.sun.javafx.application.LauncherImpl.lambda$launchApplication1$162(LauncherImpl.java:863)
	at com.sun.javafx.application.PlatformImpl.lambda$runAndWait$175(PlatformImpl.java:326)
	at com.sun.javafx.application.PlatformImpl.lambda$null$173(PlatformImpl.java:295)
	at java.security.AccessController.doPrivileged(Native Method)
	at com.sun.javafx.application.PlatformImpl.lambda$runLater$174(PlatformImpl.java:294)
	at com.sun.glass.ui.InvokeLaterDispatcher$Future.run(InvokeLaterDispatcher.java:95)
	at com.sun.glass.ui.gtk.GtkApplication._runLoop(Native Method)
	at com.sun.glass.ui.gtk.GtkApplication.lambda$null$49(GtkApplication.java:139)
	at java.lang.Thread.run(Thread.java:745)
2016-05-15 00:01:49 INFO  DefaultPluginManager:749 - PF4J version 0.13.1 in 'deployment' mode
2016-05-15 00:01:49 INFO  DefaultPluginStatusProvider:50 - Enabled plugins: []
2016-05-15 00:01:49 INFO  DefaultPluginStatusProvider:54 - Disabled plugins: []
2016-05-15 00:01:49 ERROR DefaultPluginManager:402 - Cannot find '/home/dieter/git/PluginAppFx/plugins/DemoPlugin1/classes/META-INF/MANIFEST.MF' file
ro.fortsoft.pf4j.PluginException: Cannot find '/home/dieter/git/PluginAppFx/plugins/DemoPlugin1/classes/META-INF/MANIFEST.MF' file
	at ro.fortsoft.pf4j.ManifestPluginDescriptorFinder.readManifest(ManifestPluginDescriptorFinder.java:61)
	at ro.fortsoft.pf4j.ManifestPluginDescriptorFinder.find(ManifestPluginDescriptorFinder.java:47)
	at ro.fortsoft.pf4j.DefaultPluginManager.loadPluginDirectory(DefaultPluginManager.java:779)
	at ro.fortsoft.pf4j.DefaultPluginManager.loadPlugins(DefaultPluginManager.java:400)
	at de.engelhardt.pluginappfx.Launcer.start(Launcer.java:25)
	at com.sun.javafx.application.LauncherImpl.lambda$launchApplication1$162(LauncherImpl.java:863)
	at com.sun.javafx.application.PlatformImpl.lambda$runAndWait$175(PlatformImpl.java:326)
	at com.sun.javafx.application.PlatformImpl.lambda$null$173(PlatformImpl.java:295)
	at java.security.AccessController.doPrivileged(Native Method)
	at com.sun.javafx.application.PlatformImpl.lambda$runLater$174(PlatformImpl.java:294)
	at com.sun.glass.ui.InvokeLaterDispatcher$Future.run(InvokeLaterDispatcher.java:95)
	at com.sun.glass.ui.gtk.GtkApplication._runLoop(Native Method)
	at com.sun.glass.ui.gtk.GtkApplication.lambda$null$49(GtkApplication.java:139)
	at java.lang.Thread.run(Thread.java:745)
2016-05-15 00:07:32 INFO  DefaultPluginManager:749 - PF4J version 0.13.1 in 'deployment' mode
2016-05-15 00:07:32 INFO  DefaultPluginStatusProvider:50 - Enabled plugins: []
2016-05-15 00:07:32 INFO  DefaultPluginStatusProvider:54 - Disabled plugins: []
2016-05-15 00:07:32 ERROR DefaultPluginManager:402 - Cannot find '/home/dieter/git/PluginAppFx/plugins/DemoPlugin1/classes/META-INF/MANIFEST.MF' file
ro.fortsoft.pf4j.PluginException: Cannot find '/home/dieter/git/PluginAppFx/plugins/DemoPlugin1/classes/META-INF/MANIFEST.MF' file
	at ro.fortsoft.pf4j.ManifestPluginDescriptorFinder.readManifest(ManifestPluginDescriptorFinder.java:61)
	at ro.fortsoft.pf4j.ManifestPluginDescriptorFinder.find(ManifestPluginDescriptorFinder.java:47)
	at ro.fortsoft.pf4j.DefaultPluginManager.loadPluginDirectory(DefaultPluginManager.java:779)
	at ro.fortsoft.pf4j.DefaultPluginManager.loadPlugins(DefaultPluginManager.java:400)
	at de.engelhardt.pluginappfx.Launcer.start(Launcer.java:25)
	at com.sun.javafx.application.LauncherImpl.lambda$launchApplication1$162(LauncherImpl.java:863)
	at com.sun.javafx.application.PlatformImpl.lambda$runAndWait$175(PlatformImpl.java:326)
	at com.sun.javafx.application.PlatformImpl.lambda$null$173(PlatformImpl.java:295)
	at java.security.AccessController.doPrivileged(Native Method)
	at com.sun.javafx.application.PlatformImpl.lambda$runLater$174(PlatformImpl.java:294)
	at com.sun.glass.ui.InvokeLaterDispatcher$Future.run(InvokeLaterDispatcher.java:95)
	at com.sun.glass.ui.gtk.GtkApplication._runLoop(Native Method)
	at com.sun.glass.ui.gtk.GtkApplication.lambda$null$49(GtkApplication.java:139)
	at java.lang.Thread.run(Thread.java:745)
2016-05-15 00:10:52 INFO  DefaultPluginManager:749 - PF4J version 0.13.1 in 'deployment' mode
2016-05-15 00:10:52 INFO  DefaultPluginStatusProvider:50 - Enabled plugins: []
2016-05-15 00:10:52 INFO  DefaultPluginStatusProvider:54 - Disabled plugins: []
2016-05-15 00:10:52 ERROR DefaultPluginManager:402 - Cannot find '/home/dieter/git/PluginAppFx/plugins/DemoPlugin1/classes/META-INF/MANIFEST.MF' file
ro.fortsoft.pf4j.PluginException: Cannot find '/home/dieter/git/PluginAppFx/plugins/DemoPlugin1/classes/META-INF/MANIFEST.MF' file
	at ro.fortsoft.pf4j.ManifestPluginDescriptorFinder.readManifest(ManifestPluginDescriptorFinder.java:61)
	at ro.fortsoft.pf4j.ManifestPluginDescriptorFinder.find(ManifestPluginDescriptorFinder.java:47)
	at ro.fortsoft.pf4j.DefaultPluginManager.loadPluginDirectory(DefaultPluginManager.java:779)
	at ro.fortsoft.pf4j.DefaultPluginManager.loadPlugins(DefaultPluginManager.java:400)
	at de.engelhardt.pluginappfx.Launcer.start(Launcer.java:25)
	at com.sun.javafx.application.LauncherImpl.lambda$launchApplication1$162(LauncherImpl.java:863)
	at com.sun.javafx.application.PlatformImpl.lambda$runAndWait$175(PlatformImpl.java:326)
	at com.sun.javafx.application.PlatformImpl.lambda$null$173(PlatformImpl.java:295)
	at java.security.AccessController.doPrivileged(Native Method)
	at com.sun.javafx.application.PlatformImpl.lambda$runLater$174(PlatformImpl.java:294)
	at com.sun.glass.ui.InvokeLaterDispatcher$Future.run(InvokeLaterDispatcher.java:95)
	at com.sun.glass.ui.gtk.GtkApplication._runLoop(Native Method)
	at com.sun.glass.ui.gtk.GtkApplication.lambda$null$49(GtkApplication.java:139)
	at java.lang.Thread.run(Thread.java:745)
2016-06-25 20:45:52 INFO  DefaultPluginManager:749 - PF4J version 0.13.1 in 'deployment' mode
2016-06-25 20:45:52 INFO  DefaultPluginStatusProvider:50 - Enabled plugins: []
2016-06-25 20:45:52 INFO  DefaultPluginStatusProvider:54 - Disabled plugins: []
2016-06-25 20:45:52 ERROR DefaultPluginManager:402 - Cannot find '/home/dieter/git/PluginAppFx/plugins/DemoPlugin1/classes/META-INF/MANIFEST.MF' file
ro.fortsoft.pf4j.PluginException: Cannot find '/home/dieter/git/PluginAppFx/plugins/DemoPlugin1/classes/META-INF/MANIFEST.MF' file
	at ro.fortsoft.pf4j.ManifestPluginDescriptorFinder.readManifest(ManifestPluginDescriptorFinder.java:61)
	at ro.fortsoft.pf4j.ManifestPluginDescriptorFinder.find(ManifestPluginDescriptorFinder.java:47)
	at ro.fortsoft.pf4j.DefaultPluginManager.loadPluginDirectory(DefaultPluginManager.java:779)
	at ro.fortsoft.pf4j.DefaultPluginManager.loadPlugins(DefaultPluginManager.java:400)
	at de.engelhardt.pluginappfx.Launcer.start(Launcer.java:25)
	at com.sun.javafx.application.LauncherImpl.lambda$launchApplication1$162(LauncherImpl.java:863)
	at com.sun.javafx.application.PlatformImpl.lambda$runAndWait$175(PlatformImpl.java:326)
	at com.sun.javafx.application.PlatformImpl.lambda$null$173(PlatformImpl.java:295)
	at java.security.AccessController.doPrivileged(Native Method)
	at com.sun.javafx.application.PlatformImpl.lambda$runLater$174(PlatformImpl.java:294)
	at com.sun.glass.ui.InvokeLaterDispatcher$Future.run(InvokeLaterDispatcher.java:95)
	at com.sun.glass.ui.gtk.GtkApplication._runLoop(Native Method)
	at com.sun.glass.ui.gtk.GtkApplication.lambda$null$49(GtkApplication.java:139)
	at java.lang.Thread.run(Thread.java:745)
